2023-02-16 15:26:23,684 [INFO] Activator:177 - 


2023-02-16 15:26:23,684 [INFO] Activator:178 - !SESSION log4j initialized
2023-02-16 15:26:53,579 [ERROR] LogOutputStream:74 - [STDERR_REDIRECT] SLF4J: Failed to load class "org.slf4j.impl.StaticLoggerBinder".
2023-02-16 15:26:53,579 [ERROR] LogOutputStream:74 - [STDERR_REDIRECT] SLF4J: Defaulting to no-operation (NOP) logger implementation
2023-02-16 15:26:53,579 [ERROR] LogOutputStream:74 - [STDERR_REDIRECT] SLF4J: See http://www.slf4j.org/codes.html#StaticLoggerBinder for further details.
2023-02-28 14:02:11,550 [INFO] Activator:177 - 


2023-02-28 14:02:11,551 [INFO] Activator:178 - !SESSION log4j initialized
2023-02-28 14:02:42,804 [ERROR] LogOutputStream:74 - [STDERR_REDIRECT] SLF4J: Failed to load class "org.slf4j.impl.StaticLoggerBinder".
2023-02-28 14:02:42,804 [ERROR] LogOutputStream:74 - [STDERR_REDIRECT] SLF4J: Defaulting to no-operation (NOP) logger implementation
2023-02-28 14:02:42,806 [ERROR] LogOutputStream:74 - [STDERR_REDIRECT] SLF4J: See http://www.slf4j.org/codes.html#StaticLoggerBinder for further details.
2023-03-02 12:39:47,472 [INFO] Activator:177 - 


2023-03-02 12:39:47,473 [INFO] Activator:178 - !SESSION log4j initialized
2023-03-02 12:40:21,014 [ERROR] LogOutputStream:74 - [STDERR_REDIRECT] SLF4J: Failed to load class "org.slf4j.impl.StaticLoggerBinder".
2023-03-02 12:40:21,014 [ERROR] LogOutputStream:74 - [STDERR_REDIRECT] SLF4J: Defaulting to no-operation (NOP) logger implementation
2023-03-02 12:40:21,015 [ERROR] LogOutputStream:74 - [STDERR_REDIRECT] SLF4J: See http://www.slf4j.org/codes.html#StaticLoggerBinder for further details.
2023-03-03 12:19:27,482 [INFO] Activator:177 - 


2023-03-03 12:19:27,486 [INFO] Activator:178 - !SESSION log4j initialized
2023-03-03 12:20:06,042 [ERROR] LogOutputStream:74 - [STDERR_REDIRECT] SLF4J: Failed to load class "org.slf4j.impl.StaticLoggerBinder".
2023-03-03 12:20:06,042 [ERROR] LogOutputStream:74 - [STDERR_REDIRECT] SLF4J: Defaulting to no-operation (NOP) logger implementation
2023-03-03 12:20:06,046 [ERROR] LogOutputStream:74 - [STDERR_REDIRECT] SLF4J: See http://www.slf4j.org/codes.html#StaticLoggerBinder for further details.
