Removed Pin From Net: NetName=BUT0 Pin=IC1-21
Removed Pin From Net: NetName=BUT1 Pin=IC1-22
Removed Pin From Net: NetName=BUT2 Pin=IC1-23
Removed Pin From Net: NetName=BUT3 Pin=IC1-24
Removed Pin From Net: NetName=LED0 Pin=IC1-26
Removed Pin From Net: NetName=LED2 Pin=IC1-27
Removed Pin From Net: NetName=LED1 Pin=IC1-28
Removed Pin From Net: NetName=LED3 Pin=IC1-29
Removed Pin From Net: NetName=CH340_RXD Pin=IC1-42
Removed Pin From Net: NetName=CH340_TXD Pin=IC1-43
Removed Pin From Net: NetName=SCL Pin=IC1-58
Removed Pin From Net: NetName=SDA Pin=IC1-59
Added Pin To Net: NetName=CH340_RXD Pin=IC1-16
Added Pin To Net: NetName=CH340_TXD Pin=IC1-17
Added Pin To Net: NetName=SCL Pin=IC1-29
Added Pin To Net: NetName=SDA Pin=IC1-30
Added Pin To Net: NetName=BUT0 Pin=IC1-37
Added Pin To Net: NetName=BUT1 Pin=IC1-38
Added Pin To Net: NetName=BUT2 Pin=IC1-39
Added Pin To Net: NetName=BUT3 Pin=IC1-40
Added Pin To Net: NetName=LED0 Pin=IC1-42
Added Pin To Net: NetName=LED1 Pin=IC1-43
Added Pin To Net: NetName=LED2 Pin=IC1-44
Added Pin To Net: NetName=LED3 Pin=IC1-45
